E:\PROJECTS\TUROKDEV\TNT\AUXILIARY\BITMAP\DEBUG\AUX_SWIZZLEGC.OBJ
E:\PROJECTS\TUROKDEV\TNT\AUXILIARY\BITMAP\DEBUG\AUX_SWIZZLE.OBJ
E:\PROJECTS\TUROKDEV\TNT\AUXILIARY\BITMAP\DEBUG\AUX_SIZZLEXBOX.OBJ
E:\PROJECTS\TUROKDEV\TNT\AUXILIARY\BITMAP\DEBUG\AUX_COMPRESS.OBJ
E:\PROJECTS\TUROKDEV\TNT\AUXILIARY\BITMAP\DEBUG\GIFLD.OBJ
E:\PROJECTS\TUROKDEV\TNT\AUXILIARY\BITMAP\DEBUG\TGALD.OBJ
E:\PROJECTS\TUROKDEV\TNT\AUXILIARY\BITMAP\DEBUG\PCXLD.OBJ
E:\PROJECTS\TUROKDEV\TNT\AUXILIARY\BITMAP\DEBUG\BMPLD.OBJ
E:\PROJECTS\TUROKDEV\TNT\AUXILIARY\BITMAP\DEBUG\AUX_BITMAPCONV.OBJ
E:\PROJECTS\TUROKDEV\TNT\AUXILIARY\BITMAP\DEBUG\AUX_BITMAP.OBJ
E:\PROJECTS\TUROKDEV\TNT\AUXILIARY\BITMAP\DEBUG\VC110.PDB
E:\PROJECTS\TUROKDEV\TNT\AUXILIARY\BITMAP\DEBUG\AUX_BITMAP.LIB
E:\Projects\TurokDev\TNT\Auxiliary\Bitmap\Debug\AUX_Bitmap.obj
E:\Projects\TurokDev\TNT\Auxiliary\Bitmap\Debug\AUX_BitmapConv.obj
E:\Projects\TurokDev\TNT\Auxiliary\Bitmap\Debug\AUX_Compress.obj
E:\Projects\TurokDev\TNT\Auxiliary\Bitmap\Debug\AUX_SizzleXBOX.obj
E:\Projects\TurokDev\TNT\Auxiliary\Bitmap\Debug\AUX_Swizzle.obj
E:\Projects\TurokDev\TNT\Auxiliary\Bitmap\Debug\AUX_SwizzleGC.obj
E:\Projects\TurokDev\TNT\Auxiliary\Bitmap\Debug\BmpLd.obj
E:\Projects\TurokDev\TNT\Auxiliary\Bitmap\Debug\GifLd.obj
E:\Projects\TurokDev\TNT\Auxiliary\Bitmap\Debug\PcxLd.obj
E:\Projects\TurokDev\TNT\Auxiliary\Bitmap\Debug\TgaLd.obj
E:\Projects\TurokDev\TNT\Auxiliary\Bitmap\Debug\cl.command.1.tlog
E:\Projects\TurokDev\TNT\Auxiliary\Bitmap\Debug\CL.read.1.tlog
E:\Projects\TurokDev\TNT\Auxiliary\Bitmap\Debug\CL.write.1.tlog
E:\Projects\TurokDev\TNT\Auxiliary\Bitmap\Debug\Lib-link.read.1.tlog
E:\Projects\TurokDev\TNT\Auxiliary\Bitmap\Debug\Lib-link.write.1.tlog
E:\Projects\TurokDev\TNT\Auxiliary\Bitmap\Debug\lib.command.1.tlog
E:\Projects\TurokDev\TNT\Auxiliary\Bitmap\Debug\vc110.idb
E:\Projects\TurokDev\TNT\Auxiliary\Bitmap\Debug\vc110.pdb
E:\Projects\TurokDev\TNT\Auxiliary\Bitmap\.\Debug\AUX_Bitmap.lib
